c:\users\owner\google drive\nyu poly\year 4\fall\game programming\cs3113-kvm237\~assignments~\assignment3\nyucodebase\nyucodebase\debug\vc120.pdb
c:\users\owner\google drive\nyu poly\year 4\fall\game programming\cs3113-kvm237\~assignments~\assignment3\nyucodebase\nyucodebase\debug\vc120.idb
c:\users\owner\google drive\nyu poly\year 4\fall\game programming\cs3113-kvm237\~assignments~\assignment3\nyucodebase\nyucodebase\debug\level.obj
c:\users\owner\google drive\nyu poly\year 4\fall\game programming\cs3113-kvm237\~assignments~\assignment3\nyucodebase\nyucodebase\debug\maingame.obj
c:\users\owner\google drive\nyu poly\year 4\fall\game programming\cs3113-kvm237\~assignments~\assignment3\nyucodebase\nyucodebase\debug\levelhandler.obj
c:\users\owner\google drive\nyu poly\year 4\fall\game programming\cs3113-kvm237\~assignments~\assignment3\nyucodebase\nyucodebase\debug\render.obj
c:\users\owner\google drive\nyu poly\year 4\fall\game programming\cs3113-kvm237\~assignments~\assignment3\nyucodebase\nyucodebase\debug\renderable.obj
c:\users\owner\google drive\nyu poly\year 4\fall\game programming\cs3113-kvm237\~assignments~\assignment3\nyucodebase\nyucodebase\debug\eventdependent.obj
c:\users\owner\google drive\nyu poly\year 4\fall\game programming\cs3113-kvm237\~assignments~\assignment3\nyucodebase\nyucodebase\debug\eventhandler.obj
c:\users\owner\google drive\nyu poly\year 4\fall\game programming\cs3113-kvm237\~assignments~\assignment3\nyucodebase\nyucodebase\debug\game.obj
c:\users\owner\google drive\nyu poly\year 4\fall\game programming\cs3113-kvm237\~assignments~\assignment3\nyucodebase\nyucodebase\debug\main.obj
c:\users\owner\google drive\nyu poly\year 4\fall\game programming\cs3113-kvm237\~assignments~\assignment3\nyucodebase\nyucodebase\debug\matrix.obj
c:\users\owner\google drive\nyu poly\year 4\fall\game programming\cs3113-kvm237\~assignments~\assignment3\nyucodebase\nyucodebase\debug\model.obj
c:\users\owner\google drive\nyu poly\year 4\fall\game programming\cs3113-kvm237\~assignments~\assignment3\nyucodebase\nyucodebase\debug\shaderprogram.obj
c:\users\owner\google drive\nyu poly\year 4\fall\game programming\cs3113-kvm237\~assignments~\assignment3\nyucodebase\nyucodebase\debug\ship.obj
c:\users\owner\google drive\nyu poly\year 4\fall\game programming\cs3113-kvm237\~assignments~\assignment3\nyucodebase\nyucodebase\debug\tactile.obj
c:\users\owner\google drive\nyu poly\year 4\fall\game programming\cs3113-kvm237\~assignments~\assignment3\nyucodebase\nyucodebase\debug\tactileentity.obj
c:\users\owner\google drive\nyu poly\year 4\fall\game programming\cs3113-kvm237\~assignments~\assignment3\nyucodebase\nyucodebase\debug\text.obj
c:\users\owner\google drive\nyu poly\year 4\fall\game programming\cs3113-kvm237\~assignments~\assignment3\nyucodebase\nyucodebase\debug\texture.obj
c:\users\owner\google drive\nyu poly\year 4\fall\game programming\cs3113-kvm237\~assignments~\assignment3\nyucodebase\nyucodebase\debug\tick.obj
c:\users\owner\google drive\nyu poly\year 4\fall\game programming\cs3113-kvm237\~assignments~\assignment3\nyucodebase\nyucodebase\debug\tickable.obj
c:\users\owner\google drive\nyu poly\year 4\fall\game programming\cs3113-kvm237\~assignments~\assignment3\nyucodebase\nyucodebase\debug\titlescreen.obj
c:\users\owner\google drive\nyu poly\year 4\fall\game programming\cs3113-kvm237\~assignments~\assignment3\nyucodebase\nyucodebase\debug\bullet.obj
c:\users\owner\google drive\nyu poly\year 4\fall\game programming\cs3113-kvm237\~assignments~\assignment3\nyucodebase\nyucodebase\debug\collisionhandler.obj
c:\users\owner\google drive\nyu poly\year 4\fall\game programming\cs3113-kvm237\~assignments~\assignment3\nyucodebase\nyucodebase\debug\enemy.obj
c:\users\owner\google drive\nyu poly\year 4\fall\game programming\cs3113-kvm237\~assignments~\assignment3\nyucodebase\nyucodebase\debug\entity.obj
c:\users\owner\google drive\nyu poly\year 4\fall\game programming\cs3113-kvm237\~assignments~\assignment3\nyucodebase\debug\nyucodebase.ilk
c:\users\owner\google drive\nyu poly\year 4\fall\game programming\cs3113-kvm237\~assignments~\assignment3\nyucodebase\debug\nyucodebase.exe
c:\users\owner\google drive\nyu poly\year 4\fall\game programming\cs3113-kvm237\~assignments~\assignment3\nyucodebase\debug\nyucodebase.pdb
c:\users\owner\google drive\nyu poly\year 4\fall\game programming\cs3113-kvm237\~assignments~\assignment3\nyucodebase\nyucodebase\debug\nyucodebase.tlog\cl.command.1.tlog
c:\users\owner\google drive\nyu poly\year 4\fall\game programming\cs3113-kvm237\~assignments~\assignment3\nyucodebase\nyucodebase\debug\nyucodebase.tlog\cl.read.1.tlog
c:\users\owner\google drive\nyu poly\year 4\fall\game programming\cs3113-kvm237\~assignments~\assignment3\nyucodebase\nyucodebase\debug\nyucodebase.tlog\cl.write.1.tlog
c:\users\owner\google drive\nyu poly\year 4\fall\game programming\cs3113-kvm237\~assignments~\assignment3\nyucodebase\nyucodebase\debug\nyucodebase.tlog\link.command.1.tlog
c:\users\owner\google drive\nyu poly\year 4\fall\game programming\cs3113-kvm237\~assignments~\assignment3\nyucodebase\nyucodebase\debug\nyucodebase.tlog\link.read.1.tlog
c:\users\owner\google drive\nyu poly\year 4\fall\game programming\cs3113-kvm237\~assignments~\assignment3\nyucodebase\nyucodebase\debug\nyucodebase.tlog\link.write.1.tlog
